<?xml version="1.0" encoding="UTF-8" ?>
<testsuite failures="0" time="0.003" errors="0" skipped="0" tests="1" name="com.societe.blog.ArticleManagedBeanTest">
  <properties>
    <property name="java.runtime.name" value="Java(TM) SE Runtime Environment"/>
    <property name="sun.boot.library.path" value="/System/Library/Java/JavaVirtualMachines/1.6.0.jdk/Contents/Libraries"/>
    <property name="java.vm.version" value="20.4-b02-402"/>
    <property name="awt.nativeDoubleBuffering" value="true"/>
    <property name="gopherProxySet" value="false"/>
    <property name="mrj.build" value="11D50b"/>
    <property name="java.vm.vendor" value="Apple Inc."/>
    <property name="java.vendor.url" value="http://www.apple.com/"/>
    <property name="path.separator" value=":"/>
    <property name="java.vm.name" value="Java HotSpot(TM) 64-Bit Server VM"/>
    <property name="file.encoding.pkg" value="sun.io"/>
    <property name="user.country" value="FR"/>
    <property name="sun.java.launcher" value="SUN_STANDARD"/>
    <property name="sun.os.patch.level" value="unknown"/>
    <property name="java.vm.specification.name" value="Java Virtual Machine Specification"/>
    <property name="user.dir" value="/Users/damiengouyette/developpement/sources/cours/formation-jsf2-solution/blog"/>
    <property name="java.runtime.version" value="1.6.0_29-b11-402-11D50b"/>
    <property name="java.awt.graphicsenv" value="apple.awt.CGraphicsEnvironment"/>
    <property name="basedir" value="/Users/damiengouyette/developpement/sources/cours/formation-jsf2-solution/blog"/>
    <property name="java.endorsed.dirs" value="/System/Library/Java/JavaVirtualMachines/1.6.0.jdk/Contents/Home/lib/endorsed"/>
    <property name="os.arch" value="x86_64"/>
    <property name="surefire.real.class.path" value="/Users/damiengouyette/developpement/sources/cours/formation-jsf2-solution/blog/target/surefire/surefirebooter6577471708852313151.jar"/>
    <property name="java.io.tmpdir" value="/var/folders/6f/r2rrlmbs5g72_bd2csxfscwc0000gn/T/"/>
    <property name="line.separator" value="
"/>
    <property name="java.vm.specification.vendor" value="Sun Microsystems Inc."/>
    <property name="os.name" value="Mac OS X"/>
    <property name="sun.jnu.encoding" value="MacRoman"/>
    <property name="java.library.path" value=".:/Library/Java/Extensions:/System/Library/Java/Extensions:/usr/lib/java"/>
    <property name="surefire.test.class.path" value="/Users/damiengouyette/developpement/sources/cours/formation-jsf2-solution/blog/target/test-classes:/Users/damiengouyette/developpement/sources/cours/formation-jsf2-solution/blog/target/classes:/Users/damiengouyette/.m2/repository/org/apache/myfaces/core/myfaces-impl/2.1.3/myfaces-impl-2.1.3.jar:/Users/damiengouyette/.m2/repository/commons-collections/commons-collections/3.2/commons-collections-3.2.jar:/Users/damiengouyette/.m2/repository/commons-codec/commons-codec/1.3/commons-codec-1.3.jar:/Users/damiengouyette/.m2/repository/commons-beanutils/commons-beanutils/1.8.3/commons-beanutils-1.8.3.jar:/Users/damiengouyette/.m2/repository/commons-digester/commons-digester/1.8/commons-digester-1.8.jar:/Users/damiengouyette/.m2/repository/org/apache/myfaces/core/myfaces-api/2.1.3/myfaces-api-2.1.3.jar:/Users/damiengouyette/.m2/repository/com/ocpsoft/ocpsoft-pretty-time/1.0.7/ocpsoft-pretty-time-1.0.7.jar:/Users/damiengouyette/.m2/repository/org/jboss/el/jboss-el/2.0.2.CR1/jboss-el-2.0.2.CR1.jar:/Users/damiengouyette/.m2/repository/javax/el/el-api/2.2/el-api-2.2.jar:/Users/damiengouyette/.m2/repository/javax/enterprise/cdi-api/1.0-SP4/cdi-api-1.0-SP4.jar:/Users/damiengouyette/.m2/repository/org/jboss/spec/javax/interceptor/jboss-interceptors-api_1.1_spec/1.0.0.Beta1/jboss-interceptors-api_1.1_spec-1.0.0.Beta1.jar:/Users/damiengouyette/.m2/repository/javax/annotation/jsr250-api/1.0/jsr250-api-1.0.jar:/Users/damiengouyette/.m2/repository/javax/inject/javax.inject/1/javax.inject-1.jar:/Users/damiengouyette/.m2/repository/org/springframework/spring-aop/3.1.0.RELEASE/spring-aop-3.1.0.RELEASE.jar:/Users/damiengouyette/.m2/repository/aopalliance/aopalliance/1.0/aopalliance-1.0.jar:/Users/damiengouyette/.m2/repository/org/springframework/spring-asm/3.1.0.RELEASE/spring-asm-3.1.0.RELEASE.jar:/Users/damiengouyette/.m2/repository/org/springframework/spring-beans/3.1.0.RELEASE/spring-beans-3.1.0.RELEASE.jar:/Users/damiengouyette/.m2/repository/org/springframework/spring-context/3.1.0.RELEASE/spring-context-3.1.0.RELEASE.jar:/Users/damiengouyette/.m2/repository/org/springframework/spring-expression/3.1.0.RELEASE/spring-expression-3.1.0.RELEASE.jar:/Users/damiengouyette/.m2/repository/org/springframework/spring-context-support/3.1.0.RELEASE/spring-context-support-3.1.0.RELEASE.jar:/Users/damiengouyette/.m2/repository/org/springframework/spring-core/3.1.0.RELEASE/spring-core-3.1.0.RELEASE.jar:/Users/damiengouyette/.m2/repository/commons-logging/commons-logging/1.1.1/commons-logging-1.1.1.jar:/Users/damiengouyette/.m2/repository/org/springframework/spring-jdbc/3.1.0.RELEASE/spring-jdbc-3.1.0.RELEASE.jar:/Users/damiengouyette/.m2/repository/org/springframework/spring-orm/3.1.0.RELEASE/spring-orm-3.1.0.RELEASE.jar:/Users/damiengouyette/.m2/repository/org/springframework/spring-tx/3.1.0.RELEASE/spring-tx-3.1.0.RELEASE.jar:/Users/damiengouyette/.m2/repository/org/springframework/spring-web/3.1.0.RELEASE/spring-web-3.1.0.RELEASE.jar:/Users/damiengouyette/.m2/repository/org/springframework/spring-webmvc/3.1.0.RELEASE/spring-webmvc-3.1.0.RELEASE.jar:/Users/damiengouyette/.m2/repository/javax/inject/com.springsource.javax.inject/1.0.0/com.springsource.javax.inject-1.0.0.jar:/Users/damiengouyette/.m2/repository/org/hibernate/hibernate-validator/4.2.0.Final/hibernate-validator-4.2.0.Final.jar:/Users/damiengouyette/.m2/repository/javax/validation/validation-api/1.0.0.GA/validation-api-1.0.0.GA.jar:/Users/damiengouyette/.m2/repository/org/hibernate/hibernate/3.2.6.ga/hibernate-3.2.6.ga.jar:/Users/damiengouyette/.m2/repository/net/sf/ehcache/ehcache/1.2.3/ehcache-1.2.3.jar:/Users/damiengouyette/.m2/repository/javax/transaction/jta/1.0.1B/jta-1.0.1B.jar:/Users/damiengouyette/.m2/repository/asm/asm-attrs/1.5.3/asm-attrs-1.5.3.jar:/Users/damiengouyette/.m2/repository/dom4j/dom4j/1.6.1/dom4j-1.6.1.jar:/Users/damiengouyette/.m2/repository/antlr/antlr/2.7.6/antlr-2.7.6.jar:/Users/damiengouyette/.m2/repository/cglib/cglib/2.1_3/cglib-2.1_3.jar:/Users/damiengouyette/.m2/repository/asm/asm/1.5.3/asm-1.5.3.jar:/Users/damiengouyette/.m2/repository/org/hibernate/hibernate-annotations/3.3.1.GA/hibernate-annotations-3.3.1.GA.jar:/Users/damiengouyette/.m2/repository/org/hibernate/ejb3-persistence/1.0.1.GA/ejb3-persistence-1.0.1.GA.jar:/Users/damiengouyette/.m2/repository/org/hibernate/hibernate-commons-annotations/3.3.0.ga/hibernate-commons-annotations-3.3.0.ga.jar:/Users/damiengouyette/.m2/repository/org/hibernate/hibernate-entitymanager/3.3.2.GA/hibernate-entitymanager-3.3.2.GA.jar:/Users/damiengouyette/.m2/repository/javassist/javassist/3.4.GA/javassist-3.4.GA.jar:/Users/damiengouyette/.m2/repository/javax/persistence/persistence-api/1.0/persistence-api-1.0.jar:/Users/damiengouyette/.m2/repository/hsqldb/hsqldb/1.8.0.10/hsqldb-1.8.0.10.jar:/Users/damiengouyette/.m2/repository/org/apache/commons/commons-lang3/3.1/commons-lang3-3.1.jar:/Users/damiengouyette/.m2/repository/com/google/guava/guava/11.0.1/guava-11.0.1.jar:/Users/damiengouyette/.m2/repository/com/google/code/findbugs/jsr305/1.3.9/jsr305-1.3.9.jar:/Users/damiengouyette/.m2/repository/org/slf4j/slf4j-api/1.6.2/slf4j-api-1.6.2.jar:/Users/damiengouyette/.m2/repository/ch/qos/logback/logback-classic/0.9.30/logback-classic-0.9.30.jar:/Users/damiengouyette/.m2/repository/ch/qos/logback/logback-core/0.9.30/logback-core-0.9.30.jar:/Users/damiengouyette/.m2/repository/org/jboss/jsfunit/jboss-jsfunit-core/2.0.0.Beta2/jboss-jsfunit-core-2.0.0.Beta2.jar:/Users/damiengouyette/.m2/repository/net/sourceforge/htmlunit/htmlunit/2.8/htmlunit-2.8.jar:/Users/damiengouyette/.m2/repository/xerces/xercesImpl/2.9.1/xercesImpl-2.9.1.jar:/Users/damiengouyette/.m2/repository/xml-apis/xml-apis/1.3.04/xml-apis-1.3.04.jar:/Users/damiengouyette/.m2/repository/net/sourceforge/htmlunit/htmlunit-core-js/2.8/htmlunit-core-js-2.8.jar:/Users/damiengouyette/.m2/repository/org/apache/httpcomponents/httpclient/4.0.1/httpclient-4.0.1.jar:/Users/damiengouyette/.m2/repository/org/apache/httpcomponents/httpcore/4.0.1/httpcore-4.0.1.jar:/Users/damiengouyette/.m2/repository/org/apache/httpcomponents/httpmime/4.0.1/httpmime-4.0.1.jar:/Users/damiengouyette/.m2/repository/org/apache/james/apache-mime4j/0.6/apache-mime4j-0.6.jar:/Users/damiengouyette/.m2/repository/commons-lang/commons-lang/2.4/commons-lang-2.4.jar:/Users/damiengouyette/.m2/repository/commons-io/commons-io/1.4/commons-io-1.4.jar:/Users/damiengouyette/.m2/repository/net/sourceforge/cssparser/cssparser/0.9.5/cssparser-0.9.5.jar:/Users/damiengouyette/.m2/repository/org/w3c/css/sac/1.3/sac-1.3.jar:/Users/damiengouyette/.m2/repository/net/sourceforge/nekohtml/nekohtml/1.9.14/nekohtml-1.9.14.jar:/Users/damiengouyette/.m2/repository/xalan/xalan/2.7.1/xalan-2.7.1.jar:/Users/damiengouyette/.m2/repository/xalan/serializer/2.7.1/serializer-2.7.1.jar:/Users/damiengouyette/.m2/repository/org/mortbay/jetty/servlet-api-2.5/6.1.5/servlet-api-2.5-6.1.5.jar:"/>
    <property name="java.specification.name" value="Java Platform API Specification"/>
    <property name="java.class.version" value="50.0"/>
    <property name="sun.management.compiler" value="HotSpot 64-Bit Tiered Compilers"/>
    <property name="os.version" value="10.7.3"/>
    <property name="http.nonProxyHosts" value="local|*.local|169.254/16|*.169.254/16"/>
    <property name="user.home" value="/Users/damiengouyette"/>
    <property name="user.timezone" value=""/>
    <property name="java.awt.printerjob" value="apple.awt.CPrinterJob"/>
    <property name="java.specification.version" value="1.6"/>
    <property name="file.encoding" value="MacRoman"/>
    <property name="user.name" value="damiengouyette"/>
    <property name="java.class.path" value="/Users/damiengouyette/developpement/sources/cours/formation-jsf2-solution/blog/target/test-classes:/Users/damiengouyette/developpement/sources/cours/formation-jsf2-solution/blog/target/classes:/Users/damiengouyette/.m2/repository/org/apache/myfaces/core/myfaces-impl/2.1.3/myfaces-impl-2.1.3.jar:/Users/damiengouyette/.m2/repository/commons-collections/commons-collections/3.2/commons-collections-3.2.jar:/Users/damiengouyette/.m2/repository/commons-codec/commons-codec/1.3/commons-codec-1.3.jar:/Users/damiengouyette/.m2/repository/commons-beanutils/commons-beanutils/1.8.3/commons-beanutils-1.8.3.jar:/Users/damiengouyette/.m2/repository/commons-digester/commons-digester/1.8/commons-digester-1.8.jar:/Users/damiengouyette/.m2/repository/org/apache/myfaces/core/myfaces-api/2.1.3/myfaces-api-2.1.3.jar:/Users/damiengouyette/.m2/repository/com/ocpsoft/ocpsoft-pretty-time/1.0.7/ocpsoft-pretty-time-1.0.7.jar:/Users/damiengouyette/.m2/repository/org/jboss/el/jboss-el/2.0.2.CR1/jboss-el-2.0.2.CR1.jar:/Users/damiengouyette/.m2/repository/javax/el/el-api/2.2/el-api-2.2.jar:/Users/damiengouyette/.m2/repository/javax/enterprise/cdi-api/1.0-SP4/cdi-api-1.0-SP4.jar:/Users/damiengouyette/.m2/repository/org/jboss/spec/javax/interceptor/jboss-interceptors-api_1.1_spec/1.0.0.Beta1/jboss-interceptors-api_1.1_spec-1.0.0.Beta1.jar:/Users/damiengouyette/.m2/repository/javax/annotation/jsr250-api/1.0/jsr250-api-1.0.jar:/Users/damiengouyette/.m2/repository/javax/inject/javax.inject/1/javax.inject-1.jar:/Users/damiengouyette/.m2/repository/org/springframework/spring-aop/3.1.0.RELEASE/spring-aop-3.1.0.RELEASE.jar:/Users/damiengouyette/.m2/repository/aopalliance/aopalliance/1.0/aopalliance-1.0.jar:/Users/damiengouyette/.m2/repository/org/springframework/spring-asm/3.1.0.RELEASE/spring-asm-3.1.0.RELEASE.jar:/Users/damiengouyette/.m2/repository/org/springframework/spring-beans/3.1.0.RELEASE/spring-beans-3.1.0.RELEASE.jar:/Users/damiengouyette/.m2/repository/org/springframework/spring-context/3.1.0.RELEASE/spring-context-3.1.0.RELEASE.jar:/Users/damiengouyette/.m2/repository/org/springframework/spring-expression/3.1.0.RELEASE/spring-expression-3.1.0.RELEASE.jar:/Users/damiengouyette/.m2/repository/org/springframework/spring-context-support/3.1.0.RELEASE/spring-context-support-3.1.0.RELEASE.jar:/Users/damiengouyette/.m2/repository/org/springframework/spring-core/3.1.0.RELEASE/spring-core-3.1.0.RELEASE.jar:/Users/damiengouyette/.m2/repository/commons-logging/commons-logging/1.1.1/commons-logging-1.1.1.jar:/Users/damiengouyette/.m2/repository/org/springframework/spring-jdbc/3.1.0.RELEASE/spring-jdbc-3.1.0.RELEASE.jar:/Users/damiengouyette/.m2/repository/org/springframework/spring-orm/3.1.0.RELEASE/spring-orm-3.1.0.RELEASE.jar:/Users/damiengouyette/.m2/repository/org/springframework/spring-tx/3.1.0.RELEASE/spring-tx-3.1.0.RELEASE.jar:/Users/damiengouyette/.m2/repository/org/springframework/spring-web/3.1.0.RELEASE/spring-web-3.1.0.RELEASE.jar:/Users/damiengouyette/.m2/repository/org/springframework/spring-webmvc/3.1.0.RELEASE/spring-webmvc-3.1.0.RELEASE.jar:/Users/damiengouyette/.m2/repository/javax/inject/com.springsource.javax.inject/1.0.0/com.springsource.javax.inject-1.0.0.jar:/Users/damiengouyette/.m2/repository/org/hibernate/hibernate-validator/4.2.0.Final/hibernate-validator-4.2.0.Final.jar:/Users/damiengouyette/.m2/repository/javax/validation/validation-api/1.0.0.GA/validation-api-1.0.0.GA.jar:/Users/damiengouyette/.m2/repository/org/hibernate/hibernate/3.2.6.ga/hibernate-3.2.6.ga.jar:/Users/damiengouyette/.m2/repository/net/sf/ehcache/ehcache/1.2.3/ehcache-1.2.3.jar:/Users/damiengouyette/.m2/repository/javax/transaction/jta/1.0.1B/jta-1.0.1B.jar:/Users/damiengouyette/.m2/repository/asm/asm-attrs/1.5.3/asm-attrs-1.5.3.jar:/Users/damiengouyette/.m2/repository/dom4j/dom4j/1.6.1/dom4j-1.6.1.jar:/Users/damiengouyette/.m2/repository/antlr/antlr/2.7.6/antlr-2.7.6.jar:/Users/damiengouyette/.m2/repository/cglib/cglib/2.1_3/cglib-2.1_3.jar:/Users/damiengouyette/.m2/repository/asm/asm/1.5.3/asm-1.5.3.jar:/Users/damiengouyette/.m2/repository/org/hibernate/hibernate-annotations/3.3.1.GA/hibernate-annotations-3.3.1.GA.jar:/Users/damiengouyette/.m2/repository/org/hibernate/ejb3-persistence/1.0.1.GA/ejb3-persistence-1.0.1.GA.jar:/Users/damiengouyette/.m2/repository/org/hibernate/hibernate-commons-annotations/3.3.0.ga/hibernate-commons-annotations-3.3.0.ga.jar:/Users/damiengouyette/.m2/repository/org/hibernate/hibernate-entitymanager/3.3.2.GA/hibernate-entitymanager-3.3.2.GA.jar:/Users/damiengouyette/.m2/repository/javassist/javassist/3.4.GA/javassist-3.4.GA.jar:/Users/damiengouyette/.m2/repository/javax/persistence/persistence-api/1.0/persistence-api-1.0.jar:/Users/damiengouyette/.m2/repository/hsqldb/hsqldb/1.8.0.10/hsqldb-1.8.0.10.jar:/Users/damiengouyette/.m2/repository/org/apache/commons/commons-lang3/3.1/commons-lang3-3.1.jar:/Users/damiengouyette/.m2/repository/com/google/guava/guava/11.0.1/guava-11.0.1.jar:/Users/damiengouyette/.m2/repository/com/google/code/findbugs/jsr305/1.3.9/jsr305-1.3.9.jar:/Users/damiengouyette/.m2/repository/org/slf4j/slf4j-api/1.6.2/slf4j-api-1.6.2.jar:/Users/damiengouyette/.m2/repository/ch/qos/logback/logback-classic/0.9.30/logback-classic-0.9.30.jar:/Users/damiengouyette/.m2/repository/ch/qos/logback/logback-core/0.9.30/logback-core-0.9.30.jar:/Users/damiengouyette/.m2/repository/org/jboss/jsfunit/jboss-jsfunit-core/2.0.0.Beta2/jboss-jsfunit-core-2.0.0.Beta2.jar:/Users/damiengouyette/.m2/repository/net/sourceforge/htmlunit/htmlunit/2.8/htmlunit-2.8.jar:/Users/damiengouyette/.m2/repository/xerces/xercesImpl/2.9.1/xercesImpl-2.9.1.jar:/Users/damiengouyette/.m2/repository/xml-apis/xml-apis/1.3.04/xml-apis-1.3.04.jar:/Users/damiengouyette/.m2/repository/net/sourceforge/htmlunit/htmlunit-core-js/2.8/htmlunit-core-js-2.8.jar:/Users/damiengouyette/.m2/repository/org/apache/httpcomponents/httpclient/4.0.1/httpclient-4.0.1.jar:/Users/damiengouyette/.m2/repository/org/apache/httpcomponents/httpcore/4.0.1/httpcore-4.0.1.jar:/Users/damiengouyette/.m2/repository/org/apache/httpcomponents/httpmime/4.0.1/httpmime-4.0.1.jar:/Users/damiengouyette/.m2/repository/org/apache/james/apache-mime4j/0.6/apache-mime4j-0.6.jar:/Users/damiengouyette/.m2/repository/commons-lang/commons-lang/2.4/commons-lang-2.4.jar:/Users/damiengouyette/.m2/repository/commons-io/commons-io/1.4/commons-io-1.4.jar:/Users/damiengouyette/.m2/repository/net/sourceforge/cssparser/cssparser/0.9.5/cssparser-0.9.5.jar:/Users/damiengouyette/.m2/repository/org/w3c/css/sac/1.3/sac-1.3.jar:/Users/damiengouyette/.m2/repository/net/sourceforge/nekohtml/nekohtml/1.9.14/nekohtml-1.9.14.jar:/Users/damiengouyette/.m2/repository/xalan/xalan/2.7.1/xalan-2.7.1.jar:/Users/damiengouyette/.m2/repository/xalan/serializer/2.7.1/serializer-2.7.1.jar:/Users/damiengouyette/.m2/repository/org/mortbay/jetty/servlet-api-2.5/6.1.5/servlet-api-2.5-6.1.5.jar:"/>
    <property name="java.vm.specification.version" value="1.0"/>
    <property name="sun.arch.data.model" value="64"/>
    <property name="java.home" value="/System/Library/Java/JavaVirtualMachines/1.6.0.jdk/Contents/Home"/>
    <property name="sun.java.command" value="/Users/damiengouyette/developpement/sources/cours/formation-jsf2-solution/blog/target/surefire/surefirebooter6577471708852313151.jar /Users/damiengouyette/developpement/sources/cours/formation-jsf2-solution/blog/target/surefire/surefire7867308546126223680tmp /Users/damiengouyette/developpement/sources/cours/formation-jsf2-solution/blog/target/surefire/surefire504521892453990705tmp"/>
    <property name="java.specification.vendor" value="Sun Microsystems Inc."/>
    <property name="user.language" value="fr"/>
    <property name="awt.toolkit" value="apple.awt.CToolkit"/>
    <property name="java.vm.info" value="mixed mode"/>
    <property name="java.version" value="1.6.0_29"/>
    <property name="java.ext.dirs" value="/Library/Java/Extensions:/System/Library/Java/Extensions:/System/Library/Java/JavaVirtualMachines/1.6.0.jdk/Contents/Home/lib/ext"/>
    <property name="sun.boot.class.path" value="/System/Library/Java/JavaVirtualMachines/1.6.0.jdk/Contents/Classes/jsfd.jar:/System/Library/Java/JavaVirtualMachines/1.6.0.jdk/Contents/Classes/classes.jar:/System/Library/Frameworks/JavaVM.framework/Frameworks/JavaRuntimeSupport.framework/Resources/Java/JavaRuntimeSupport.jar:/System/Library/Java/JavaVirtualMachines/1.6.0.jdk/Contents/Classes/ui.jar:/System/Library/Java/JavaVirtualMachines/1.6.0.jdk/Contents/Classes/laf.jar:/System/Library/Java/JavaVirtualMachines/1.6.0.jdk/Contents/Classes/sunrsasign.jar:/System/Library/Java/JavaVirtualMachines/1.6.0.jdk/Contents/Classes/jsse.jar:/System/Library/Java/JavaVirtualMachines/1.6.0.jdk/Contents/Classes/jce.jar:/System/Library/Java/JavaVirtualMachines/1.6.0.jdk/Contents/Classes/charsets.jar"/>
    <property name="java.vendor" value="Apple Inc."/>
    <property name="localRepository" value="/Users/damiengouyette/.m2/repository"/>
    <property name="file.separator" value="/"/>
    <property name="java.vendor.url.bug" value="http://bugreport.apple.com/"/>
    <property name="sun.cpu.endian" value="little"/>
    <property name="sun.io.unicode.encoding" value="UnicodeLittle"/>
    <property name="mrj.version" value="1070.1.6.0_29-402"/>
    <property name="socksNonProxyHosts" value="local|*.local|169.254/16|*.169.254/16"/>
    <property name="ftp.nonProxyHosts" value="local|*.local|169.254/16|*.169.254/16"/>
    <property name="sun.cpu.isalist" value=""/>
  </properties>
  <testcase time="0" classname="com.societe.blog.ArticleManagedBeanTest" name="com.societe.blog.ArticleManagedBeanTest.testInitialPage"/>
</testsuite>